[2018-08-21T16:11:23,806][INFO ][o.e.n.Node               ] [] initializing ...
[2018-08-21T16:11:23,977][INFO ][o.e.e.NodeEnvironment    ] [3dmn6R4] using [1] data paths, mounts [[/ (/dev/sda1)]], net usable_space [398.7gb], net total_space [450.8gb], types [ext4]
[2018-08-21T16:11:23,980][INFO ][o.e.e.NodeEnvironment    ] [3dmn6R4] heap size [990.7mb], compressed ordinary object pointers [true]
[2018-08-21T16:11:23,987][INFO ][o.e.n.Node               ] [3dmn6R4] node name derived from node ID [3dmn6R4nRlm1EyLV49-0ig]; set [node.name] to override
[2018-08-21T16:11:23,989][INFO ][o.e.n.Node               ] [3dmn6R4] version[6.3.2], pid[22493], build[default/zip/053779d/2018-07-20T05:20:23.451332Z], OS[Linux/4.13.0-45-generic/amd64], JVM[Oracle Corporation/OpenJDK 64-Bit Server VM/1.8.0_171/25.171-b11]
[2018-08-21T16:11:23,991][INFO ][o.e.n.Node               ] [3dmn6R4] JVM arguments [-Xms1g, -Xmx1g, -XX:+UseConcMarkSweepGC, -XX:CMSInitiatingOccupancyFraction=75, -XX:+UseCMSInitiatingOccupancyOnly, -XX:+AlwaysPreTouch, -Xss1m, -Djava.awt.headless=true, -Dfile.encoding=UTF-8, -Djna.nosys=true, -XX:-OmitStackTraceInFastThrow, -Dio.netty.noUnsafe=true, -Dio.netty.noKeySetOptimization=true, -Dio.netty.recycler.maxCapacityPerThread=0, -Dlog4j.shutdownHookEnabled=false, -Dlog4j2.disable.jmx=true, -Djava.io.tmpdir=/tmp/elasticsearch.6k4UQNG9, -XX:+HeapDumpOnOutOfMemoryError, -XX:HeapDumpPath=data, -XX:ErrorFile=logs/hs_err_pid%p.log, -XX:+PrintGCDetails, -XX:+PrintGCDateStamps, -XX:+PrintTenuringDistribution, -XX:+PrintGCApplicationStoppedTime, -Xloggc:logs/gc.log, -XX:+UseGCLogFileRotation, -XX:NumberOfGCLogFiles=32, -XX:GCLogFileSize=64m, -Des.path.home=/home/user/Documents/Elastic-search/elasticsearch-6.3.2, -Des.path.conf=/home/user/Documents/Elastic-search/elasticsearch-6.3.2/config, -Des.distribution.flavor=default, -Des.distribution.type=zip]
[2018-08-21T16:11:26,334][INFO ][o.e.p.PluginsService     ] [3dmn6R4] loaded module [aggs-matrix-stats]
[2018-08-21T16:11:26,334][INFO ][o.e.p.PluginsService     ] [3dmn6R4] loaded module [analysis-common]
[2018-08-21T16:11:26,334][INFO ][o.e.p.PluginsService     ] [3dmn6R4] loaded module [ingest-common]
[2018-08-21T16:11:26,335][INFO ][o.e.p.PluginsService     ] [3dmn6R4] loaded module [lang-expression]
[2018-08-21T16:11:26,335][INFO ][o.e.p.PluginsService     ] [3dmn6R4] loaded module [lang-mustache]
[2018-08-21T16:11:26,335][INFO ][o.e.p.PluginsService     ] [3dmn6R4] loaded module [lang-painless]
[2018-08-21T16:11:26,335][INFO ][o.e.p.PluginsService     ] [3dmn6R4] loaded module [mapper-extras]
[2018-08-21T16:11:26,335][INFO ][o.e.p.PluginsService     ] [3dmn6R4] loaded module [parent-join]
[2018-08-21T16:11:26,335][INFO ][o.e.p.PluginsService     ] [3dmn6R4] loaded module [percolator]
[2018-08-21T16:11:26,336][INFO ][o.e.p.PluginsService     ] [3dmn6R4] loaded module [rank-eval]
[2018-08-21T16:11:26,336][INFO ][o.e.p.PluginsService     ] [3dmn6R4] loaded module [reindex]
[2018-08-21T16:11:26,336][INFO ][o.e.p.PluginsService     ] [3dmn6R4] loaded module [repository-url]
[2018-08-21T16:11:26,336][INFO ][o.e.p.PluginsService     ] [3dmn6R4] loaded module [transport-netty4]
[2018-08-21T16:11:26,336][INFO ][o.e.p.PluginsService     ] [3dmn6R4] loaded module [tribe]
[2018-08-21T16:11:26,337][INFO ][o.e.p.PluginsService     ] [3dmn6R4] loaded module [x-pack-core]
[2018-08-21T16:11:26,337][INFO ][o.e.p.PluginsService     ] [3dmn6R4] loaded module [x-pack-deprecation]
[2018-08-21T16:11:26,337][INFO ][o.e.p.PluginsService     ] [3dmn6R4] loaded module [x-pack-graph]
[2018-08-21T16:11:26,337][INFO ][o.e.p.PluginsService     ] [3dmn6R4] loaded module [x-pack-logstash]
[2018-08-21T16:11:26,337][INFO ][o.e.p.PluginsService     ] [3dmn6R4] loaded module [x-pack-ml]
[2018-08-21T16:11:26,337][INFO ][o.e.p.PluginsService     ] [3dmn6R4] loaded module [x-pack-monitoring]
[2018-08-21T16:11:26,337][INFO ][o.e.p.PluginsService     ] [3dmn6R4] loaded module [x-pack-rollup]
[2018-08-21T16:11:26,337][INFO ][o.e.p.PluginsService     ] [3dmn6R4] loaded module [x-pack-security]
[2018-08-21T16:11:26,337][INFO ][o.e.p.PluginsService     ] [3dmn6R4] loaded module [x-pack-sql]
[2018-08-21T16:11:26,338][INFO ][o.e.p.PluginsService     ] [3dmn6R4] loaded module [x-pack-upgrade]
[2018-08-21T16:11:26,338][INFO ][o.e.p.PluginsService     ] [3dmn6R4] loaded module [x-pack-watcher]
[2018-08-21T16:11:26,338][INFO ][o.e.p.PluginsService     ] [3dmn6R4] no plugins loaded
[2018-08-21T16:11:30,198][INFO ][o.e.x.s.a.s.FileRolesStore] [3dmn6R4] parsed [0] roles from file [/home/user/Documents/Elastic-search/elasticsearch-6.3.2/config/roles.yml]
[2018-08-21T16:11:30,831][INFO ][o.e.x.m.j.p.l.CppLogMessageHandler] [controller/22560] [Main.cc@109] controller (64 bit): Version 6.3.2 (Build 903094f295d249) Copyright (c) 2018 Elasticsearch BV
[2018-08-21T16:11:31,298][DEBUG][o.e.a.ActionModule       ] Using REST wrapper from plugin org.elasticsearch.xpack.security.Security
[2018-08-21T16:11:31,647][INFO ][o.e.d.DiscoveryModule    ] [3dmn6R4] using discovery type [zen]
[2018-08-21T16:11:32,735][INFO ][o.e.n.Node               ] [3dmn6R4] initialized
[2018-08-21T16:11:32,735][INFO ][o.e.n.Node               ] [3dmn6R4] starting ...
[2018-08-21T16:11:32,932][INFO ][o.e.t.TransportService   ] [3dmn6R4] publish_address {127.0.0.1:9300}, bound_addresses {[::1]:9300}, {127.0.0.1:9300}
[2018-08-21T16:11:32,955][WARN ][o.e.b.BootstrapChecks    ] [3dmn6R4] max virtual memory areas vm.max_map_count [65530] is too low, increase to at least [262144]
[2018-08-21T16:11:36,046][INFO ][o.e.c.s.MasterService    ] [3dmn6R4] zen-disco-elected-as-master ([0] nodes joined)[, ], reason: new_master {3dmn6R4}{3dmn6R4nRlm1EyLV49-0ig}{-3kL6HbcR4eQUDKkBKbyZA}{127.0.0.1}{127.0.0.1:9300}{ml.machine_memory=7989587968, xpack.installed=true, ml.max_open_jobs=20, ml.enabled=true}
[2018-08-21T16:11:36,052][INFO ][o.e.c.s.ClusterApplierService] [3dmn6R4] new_master {3dmn6R4}{3dmn6R4nRlm1EyLV49-0ig}{-3kL6HbcR4eQUDKkBKbyZA}{127.0.0.1}{127.0.0.1:9300}{ml.machine_memory=7989587968, xpack.installed=true, ml.max_open_jobs=20, ml.enabled=true}, reason: apply cluster state (from master [master {3dmn6R4}{3dmn6R4nRlm1EyLV49-0ig}{-3kL6HbcR4eQUDKkBKbyZA}{127.0.0.1}{127.0.0.1:9300}{ml.machine_memory=7989587968, xpack.installed=true, ml.max_open_jobs=20, ml.enabled=true} committed version [1] source [zen-disco-elected-as-master ([0] nodes joined)[, ]]])
[2018-08-21T16:11:36,080][INFO ][o.e.x.s.t.n.SecurityNetty4HttpServerTransport] [3dmn6R4] publish_address {127.0.0.1:9200}, bound_addresses {[::1]:9200}, {127.0.0.1:9200}
[2018-08-21T16:11:36,081][INFO ][o.e.n.Node               ] [3dmn6R4] started
[2018-08-21T16:11:36,165][WARN ][o.e.x.s.a.s.m.NativeRoleMappingStore] [3dmn6R4] Failed to clear cache for realms [[]]
[2018-08-21T16:11:36,250][INFO ][o.e.g.GatewayService     ] [3dmn6R4] recovered [0] indices into cluster_state
[2018-08-21T16:11:36,410][INFO ][o.e.c.m.MetaDataIndexTemplateService] [3dmn6R4] adding template [.watches] for index patterns [.watches*]
[2018-08-21T16:11:36,591][INFO ][o.e.c.m.MetaDataIndexTemplateService] [3dmn6R4] adding template [.triggered_watches] for index patterns [.triggered_watches*]
[2018-08-21T16:11:36,716][INFO ][o.e.c.m.MetaDataIndexTemplateService] [3dmn6R4] adding template [.watch-history-7] for index patterns [.watcher-history-7*]
[2018-08-21T16:11:36,814][INFO ][o.e.c.m.MetaDataIndexTemplateService] [3dmn6R4] adding template [.monitoring-logstash] for index patterns [.monitoring-logstash-6-*]
[2018-08-21T16:11:36,927][INFO ][o.e.c.m.MetaDataIndexTemplateService] [3dmn6R4] adding template [.monitoring-es] for index patterns [.monitoring-es-6-*]
[2018-08-21T16:11:37,028][INFO ][o.e.c.m.MetaDataIndexTemplateService] [3dmn6R4] adding template [.monitoring-beats] for index patterns [.monitoring-beats-6-*]
[2018-08-21T16:11:37,118][INFO ][o.e.c.m.MetaDataIndexTemplateService] [3dmn6R4] adding template [.monitoring-alerts] for index patterns [.monitoring-alerts-6]
[2018-08-21T16:11:37,203][INFO ][o.e.c.m.MetaDataIndexTemplateService] [3dmn6R4] adding template [.monitoring-kibana] for index patterns [.monitoring-kibana-6-*]
[2018-08-21T16:11:37,387][INFO ][o.e.l.LicenseService     ] [3dmn6R4] license [7296e869-59ad-4839-8a61-6b6a9ed8eecd] mode [basic] - valid
[2018-08-21T16:13:53,899][INFO ][o.e.x.m.j.p.NativeController] Native controller process has stopped - no new native processes can be started
[2018-08-21T16:13:53,903][INFO ][o.e.n.Node               ] [3dmn6R4] stopping ...
[2018-08-21T16:13:53,937][INFO ][o.e.x.w.WatcherService   ] [3dmn6R4] stopping watch service, reason [shutdown initiated]
[2018-08-21T16:13:54,408][INFO ][o.e.n.Node               ] [3dmn6R4] stopped
[2018-08-21T16:13:54,409][INFO ][o.e.n.Node               ] [3dmn6R4] closing ...
[2018-08-21T16:13:54,424][INFO ][o.e.n.Node               ] [3dmn6R4] closed
[2018-08-21T16:14:49,318][INFO ][o.e.n.Node               ] [] initializing ...
[2018-08-21T16:14:49,461][INFO ][o.e.e.NodeEnvironment    ] [3dmn6R4] using [1] data paths, mounts [[/ (/dev/sda1)]], net usable_space [398.7gb], net total_space [450.8gb], types [ext4]
[2018-08-21T16:14:49,462][INFO ][o.e.e.NodeEnvironment    ] [3dmn6R4] heap size [990.7mb], compressed ordinary object pointers [true]
[2018-08-21T16:14:49,465][INFO ][o.e.n.Node               ] [3dmn6R4] node name derived from node ID [3dmn6R4nRlm1EyLV49-0ig]; set [node.name] to override
[2018-08-21T16:14:49,466][INFO ][o.e.n.Node               ] [3dmn6R4] version[6.3.2], pid[22810], build[default/zip/053779d/2018-07-20T05:20:23.451332Z], OS[Linux/4.13.0-45-generic/amd64], JVM[Oracle Corporation/OpenJDK 64-Bit Server VM/1.8.0_171/25.171-b11]
[2018-08-21T16:14:49,467][INFO ][o.e.n.Node               ] [3dmn6R4] JVM arguments [-Xms1g, -Xmx1g, -XX:+UseConcMarkSweepGC, -XX:CMSInitiatingOccupancyFraction=75, -XX:+UseCMSInitiatingOccupancyOnly, -XX:+AlwaysPreTouch, -Xss1m, -Djava.awt.headless=true, -Dfile.encoding=UTF-8, -Djna.nosys=true, -XX:-OmitStackTraceInFastThrow, -Dio.netty.noUnsafe=true, -Dio.netty.noKeySetOptimization=true, -Dio.netty.recycler.maxCapacityPerThread=0, -Dlog4j.shutdownHookEnabled=false, -Dlog4j2.disable.jmx=true, -Djava.io.tmpdir=/tmp/elasticsearch.OjSqvri7, -XX:+HeapDumpOnOutOfMemoryError, -XX:HeapDumpPath=data, -XX:ErrorFile=logs/hs_err_pid%p.log, -XX:+PrintGCDetails, -XX:+PrintGCDateStamps, -XX:+PrintTenuringDistribution, -XX:+PrintGCApplicationStoppedTime, -Xloggc:logs/gc.log, -XX:+UseGCLogFileRotation, -XX:NumberOfGCLogFiles=32, -XX:GCLogFileSize=64m, -Des.path.home=/home/user/Documents/Elastic-search/elasticsearch-6.3.2, -Des.path.conf=/home/user/Documents/Elastic-search/elasticsearch-6.3.2/config, -Des.distribution.flavor=default, -Des.distribution.type=zip]
[2018-08-21T16:14:51,988][INFO ][o.e.p.PluginsService     ] [3dmn6R4] loaded module [aggs-matrix-stats]
[2018-08-21T16:14:51,988][INFO ][o.e.p.PluginsService     ] [3dmn6R4] loaded module [analysis-common]
[2018-08-21T16:14:51,988][INFO ][o.e.p.PluginsService     ] [3dmn6R4] loaded module [ingest-common]
[2018-08-21T16:14:51,989][INFO ][o.e.p.PluginsService     ] [3dmn6R4] loaded module [lang-expression]
[2018-08-21T16:14:51,989][INFO ][o.e.p.PluginsService     ] [3dmn6R4] loaded module [lang-mustache]
[2018-08-21T16:14:51,989][INFO ][o.e.p.PluginsService     ] [3dmn6R4] loaded module [lang-painless]
[2018-08-21T16:14:51,989][INFO ][o.e.p.PluginsService     ] [3dmn6R4] loaded module [mapper-extras]
[2018-08-21T16:14:51,989][INFO ][o.e.p.PluginsService     ] [3dmn6R4] loaded module [parent-join]
[2018-08-21T16:14:51,989][INFO ][o.e.p.PluginsService     ] [3dmn6R4] loaded module [percolator]
[2018-08-21T16:14:51,990][INFO ][o.e.p.PluginsService     ] [3dmn6R4] loaded module [rank-eval]
[2018-08-21T16:14:51,990][INFO ][o.e.p.PluginsService     ] [3dmn6R4] loaded module [reindex]
[2018-08-21T16:14:51,990][INFO ][o.e.p.PluginsService     ] [3dmn6R4] loaded module [repository-url]
[2018-08-21T16:14:51,990][INFO ][o.e.p.PluginsService     ] [3dmn6R4] loaded module [transport-netty4]
[2018-08-21T16:14:51,990][INFO ][o.e.p.PluginsService     ] [3dmn6R4] loaded module [tribe]
[2018-08-21T16:14:51,990][INFO ][o.e.p.PluginsService     ] [3dmn6R4] loaded module [x-pack-core]
[2018-08-21T16:14:51,990][INFO ][o.e.p.PluginsService     ] [3dmn6R4] loaded module [x-pack-deprecation]
[2018-08-21T16:14:51,990][INFO ][o.e.p.PluginsService     ] [3dmn6R4] loaded module [x-pack-graph]
[2018-08-21T16:14:51,991][INFO ][o.e.p.PluginsService     ] [3dmn6R4] loaded module [x-pack-logstash]
[2018-08-21T16:14:51,991][INFO ][o.e.p.PluginsService     ] [3dmn6R4] loaded module [x-pack-ml]
[2018-08-21T16:14:51,991][INFO ][o.e.p.PluginsService     ] [3dmn6R4] loaded module [x-pack-monitoring]
[2018-08-21T16:14:51,991][INFO ][o.e.p.PluginsService     ] [3dmn6R4] loaded module [x-pack-rollup]
[2018-08-21T16:14:51,991][INFO ][o.e.p.PluginsService     ] [3dmn6R4] loaded module [x-pack-security]
[2018-08-21T16:14:51,991][INFO ][o.e.p.PluginsService     ] [3dmn6R4] loaded module [x-pack-sql]
[2018-08-21T16:14:51,991][INFO ][o.e.p.PluginsService     ] [3dmn6R4] loaded module [x-pack-upgrade]
[2018-08-21T16:14:51,991][INFO ][o.e.p.PluginsService     ] [3dmn6R4] loaded module [x-pack-watcher]
[2018-08-21T16:14:51,992][INFO ][o.e.p.PluginsService     ] [3dmn6R4] no plugins loaded
[2018-08-21T16:14:55,432][INFO ][o.e.x.s.a.s.FileRolesStore] [3dmn6R4] parsed [0] roles from file [/home/user/Documents/Elastic-search/elasticsearch-6.3.2/config/roles.yml]
[2018-08-21T16:14:56,041][INFO ][o.e.x.m.j.p.l.CppLogMessageHandler] [controller/22874] [Main.cc@109] controller (64 bit): Version 6.3.2 (Build 903094f295d249) Copyright (c) 2018 Elasticsearch BV
[2018-08-21T16:14:56,523][DEBUG][o.e.a.ActionModule       ] Using REST wrapper from plugin org.elasticsearch.xpack.security.Security
[2018-08-21T16:14:56,855][INFO ][o.e.d.DiscoveryModule    ] [3dmn6R4] using discovery type [zen]
[2018-08-21T16:14:57,943][INFO ][o.e.n.Node               ] [3dmn6R4] initialized
[2018-08-21T16:14:57,943][INFO ][o.e.n.Node               ] [3dmn6R4] starting ...
[2018-08-21T16:14:58,140][INFO ][o.e.t.TransportService   ] [3dmn6R4] publish_address {127.0.0.1:9300}, bound_addresses {[::1]:9300}, {127.0.0.1:9300}
[2018-08-21T16:14:58,175][WARN ][o.e.b.BootstrapChecks    ] [3dmn6R4] max virtual memory areas vm.max_map_count [65530] is too low, increase to at least [262144]
[2018-08-21T16:15:01,244][INFO ][o.e.c.s.MasterService    ] [3dmn6R4] zen-disco-elected-as-master ([0] nodes joined)[, ], reason: new_master {3dmn6R4}{3dmn6R4nRlm1EyLV49-0ig}{DeqFDoprSsCVsFB28xkbNQ}{127.0.0.1}{127.0.0.1:9300}{ml.machine_memory=7989587968, xpack.installed=true, ml.max_open_jobs=20, ml.enabled=true}
[2018-08-21T16:15:01,249][INFO ][o.e.c.s.ClusterApplierService] [3dmn6R4] new_master {3dmn6R4}{3dmn6R4nRlm1EyLV49-0ig}{DeqFDoprSsCVsFB28xkbNQ}{127.0.0.1}{127.0.0.1:9300}{ml.machine_memory=7989587968, xpack.installed=true, ml.max_open_jobs=20, ml.enabled=true}, reason: apply cluster state (from master [master {3dmn6R4}{3dmn6R4nRlm1EyLV49-0ig}{DeqFDoprSsCVsFB28xkbNQ}{127.0.0.1}{127.0.0.1:9300}{ml.machine_memory=7989587968, xpack.installed=true, ml.max_open_jobs=20, ml.enabled=true} committed version [1] source [zen-disco-elected-as-master ([0] nodes joined)[, ]]])
[2018-08-21T16:15:01,296][INFO ][o.e.x.s.t.n.SecurityNetty4HttpServerTransport] [3dmn6R4] publish_address {127.0.0.1:9200}, bound_addresses {[::1]:9200}, {127.0.0.1:9200}
[2018-08-21T16:15:01,297][INFO ][o.e.n.Node               ] [3dmn6R4] started
[2018-08-21T16:15:01,673][WARN ][o.e.x.s.a.s.m.NativeRoleMappingStore] [3dmn6R4] Failed to clear cache for realms [[]]
[2018-08-21T16:15:01,704][INFO ][o.e.l.LicenseService     ] [3dmn6R4] license [7296e869-59ad-4839-8a61-6b6a9ed8eecd] mode [basic] - valid
[2018-08-21T16:15:01,718][INFO ][o.e.g.GatewayService     ] [3dmn6R4] recovered [0] indices into cluster_state
[2018-08-21T16:21:24,750][INFO ][o.e.x.m.j.p.NativeController] Native controller process has stopped - no new native processes can be started
[2018-08-21T16:21:24,756][INFO ][o.e.n.Node               ] [3dmn6R4] stopping ...
[2018-08-21T16:21:24,786][INFO ][o.e.x.w.WatcherService   ] [3dmn6R4] stopping watch service, reason [shutdown initiated]
[2018-08-21T16:21:24,924][INFO ][o.e.n.Node               ] [3dmn6R4] stopped
[2018-08-21T16:21:24,924][INFO ][o.e.n.Node               ] [3dmn6R4] closing ...
[2018-08-21T16:21:24,940][INFO ][o.e.n.Node               ] [3dmn6R4] closed
